<?xml version="1.0" encoding="UTF-8"?>
<!-- Generated by org.testng.reporters.JUnitReportReporter -->
<testsuite hostname="ojt8-PC" name="DriverFactory.DriverScript" tests="1" failures="0" timestamp="9 Jan 2020 12:42:36 GMT" time="73.210" errors="0">
  <testcase name="ERP_Account" time="73.210" classname="DriverFactory.DriverScript"/>
</testsuite> <!-- DriverFactory.DriverScript -->
